Mon May 30 19:00:25 EEST 2022 : Apache Derby Network Server - 10.14.2.0 - (1828579) started and ready to accept connections on port 1527
----------------------------------------------------------------
Mon May 30 19:00:26 EEST 2022:
Booting Derby version The Apache Software Foundation - Apache Derby - 10.14.2.0 - (1828579): instance a816c00e-0181-15b2-747a-ffffc02fc340 
on database directory C:\Users\Panes\Documents\NetBeansProjects\JokerStats\db\L10L with class loader jdk.internal.loader.ClassLoaders$AppClassLoader@2a139a55 
Loaded from file:/C:/Users/Panes/Documents/NetBeansProjects/JokerStats/lib/derby.jar
java.vendor=Oracle Corporation
java.runtime.version=17.0.1+12-39
user.dir=C:\Users\Panes\Documents\NetBeansProjects\JokerStats\db
os.name=Windows 10
os.arch=amd64
os.version=10.0
derby.system.home=C:\Users\Panes\Documents\NetBeansProjects\JokerStats\db
Database Class Loader started - derby.database.classpath=''
----------------------------------------------------------------
Mon May 30 19:01:20 EEST 2022: Shutting down Derby engine
----------------------------------------------------------------
Mon May 30 19:01:20 EEST 2022:
Shutting down instance a816c00e-0181-15b2-747a-ffffc02fc340 on database directory C:\Users\Panes\Documents\NetBeansProjects\JokerStats\db\L10L with class loader jdk.internal.loader.ClassLoaders$AppClassLoader@2a139a55 
----------------------------------------------------------------
