Fri Mar 04 18:57:10 EET 2022 : Apache Derby Network Server - 10.14.2.0 - (1828579) started and ready to accept connections on port 1527
----------------------------------------------------------------
Fri Mar 04 18:57:11 EET 2022:
Booting Derby version The Apache Software Foundation - Apache Derby - 10.14.2.0 - (1828579): instance a816c00e-017f-55dd-257b-0000762b164a 
on database directory D:\Java\TzokerStats\TzokerStats\db\L10L with class loader jdk.internal.loader.ClassLoaders$AppClassLoader@2cdf8d8a 
Loaded from file:/D:/Java/TzokerStats/TzokerStats/lib/derby.jar
java.vendor=Oracle Corporation
java.runtime.version=11.0.12+8-LTS-237
user.dir=D:\Java\TzokerStats\TzokerStats\db
os.name=Windows 10
os.arch=amd64
os.version=10.0
derby.system.home=D:\Java\TzokerStats\TzokerStats\db
Database Class Loader started - derby.database.classpath=''
----------------------------------------------------------------
Fri Mar 04 18:57:20 EET 2022: Shutting down Derby engine
----------------------------------------------------------------
Fri Mar 04 18:57:21 EET 2022:
Shutting down instance a816c00e-017f-55dd-257b-0000762b164a on database directory D:\Java\TzokerStats\TzokerStats\db\L10L with class loader jdk.internal.loader.ClassLoaders$AppClassLoader@2cdf8d8a 
----------------------------------------------------------------
